\BOOKMARK [1][-]{section.1}{\376\377\000I\000n\000t\000r\000o\000d\000u\000c\000t\000i\000o\000n}{}% 1
\BOOKMARK [1][-]{section.2}{\376\377\000U\000s\000e\000r\000\040\000I\000n\000t\000e\000r\000f\000a\000c\000e}{}% 2
\BOOKMARK [1][-]{section.3}{\376\377\000D\000i\000s\000t\000r\000i\000b\000u\000t\000i\000o\000n\000s\000\040\000A\000v\000a\000i\000l\000a\000b\000l\000e\000\040\000i\000n\000\040\000C\000U\000P\000I\000D}{}% 3
\BOOKMARK [2][-]{subsection.3.1}{\376\377\000C\000o\000n\000t\000i\000n\000u\000o\000u\000s\000\040\000D\000i\000s\000t\000r\000i\000b\000u\000t\000i\000o\000n\000s}{section.3}% 4
\BOOKMARK [2][-]{subsection.3.2}{\376\377\000D\000i\000s\000c\000r\000e\000t\000e\000\040\000D\000i\000s\000t\000r\000i\000b\000u\000t\000i\000o\000n\000s}{section.3}% 5
\BOOKMARK [2][-]{subsection.3.3}{\376\377\000U\000s\000i\000n\000g\000\040\000M\000A\000T\000L\000A\000B\000\040\000D\000i\000s\000t\000r\000i\000b\000u\000t\000i\000o\000n\000\040\000O\000b\000j\000e\000c\000t\000s}{section.3}% 6
\BOOKMARK [2][-]{subsection.3.4}{\376\377\000T\000r\000a\000n\000s\000f\000o\000r\000m\000a\000t\000i\000o\000n\000\040\000D\000i\000s\000t\000r\000i\000b\000u\000t\000i\000o\000n\000s}{section.3}% 7
\BOOKMARK [2][-]{subsection.3.5}{\376\377\000D\000e\000r\000i\000v\000e\000d\000\040\000D\000i\000s\000t\000r\000i\000b\000u\000t\000i\000o\000n\000s}{section.3}% 8
\BOOKMARK [2][-]{subsection.3.6}{\376\377\000D\000i\000s\000t\000r\000i\000b\000u\000t\000i\000o\000n\000s\000\040\000A\000s\000s\000o\000c\000i\000a\000t\000e\000d\000\040\000w\000i\000t\000h\000\040\000H\000y\000p\000o\000t\000h\000e\000s\000i\000s\000\040\000T\000e\000s\000t\000i\000n\000g}{section.3}% 9
\BOOKMARK [2][-]{subsection.3.7}{\376\377\000N\000e\000s\000t\000e\000d\000\040\000S\000p\000e\000c\000i\000f\000i\000c\000a\000t\000i\000o\000n\000\040\000o\000f\000\040\000D\000i\000s\000t\000r\000i\000b\000u\000t\000i\000o\000n\000s}{section.3}% 10
\BOOKMARK [1][-]{section.4}{\376\377\000F\000u\000n\000c\000t\000i\000o\000n\000s\000\040\000T\000h\000a\000t\000\040\000C\000U\000P\000I\000D\000\040\000C\000a\000n\000\040\000C\000o\000m\000p\000u\000t\000e}{}% 11
\BOOKMARK [2][-]{subsection.4.1}{\376\377\000B\000a\000s\000i\000c\000\040\000F\000u\000n\000c\000t\000i\000o\000n\000s}{section.4}% 12
\BOOKMARK [3][-]{subsubsection.4.1.1}{\376\377\000D\000i\000s\000t\000r\000i\000b\000u\000t\000i\000o\000n\000\040\000f\000u\000n\000c\000t\000i\000o\000n\000s\000\040\000\050\000P\000D\000F\000,\000\040\000C\000D\000F\000,\000\040\000e\000t\000c\000\051}{subsection.4.1}% 13
\BOOKMARK [3][-]{subsubsection.4.1.2}{\376\377\000M\000o\000m\000e\000n\000t\000-\000b\000a\000s\000e\000d\000\040\000f\000u\000n\000c\000t\000i\000o\000n\000s\000\040\000\050\000M\000e\000a\000n\000,\000\040\000V\000a\000r\000i\000a\000n\000c\000e\000,\000\040\000e\000t\000c\000\051}{subsection.4.1}% 14
\BOOKMARK [3][-]{subsubsection.4.1.3}{\376\377\000P\000e\000r\000c\000e\000n\000t\000i\000l\000e\000\040\000f\000u\000n\000c\000t\000i\000o\000n\000s\000\040\000\050\000I\000n\000v\000e\000r\000s\000e\000C\000D\000F\000,\000\040\000m\000e\000d\000i\000a\000n\000,\000\040\000S\000I\000Q\000R\000\051}{subsection.4.1}% 15
\BOOKMARK [3][-]{subsubsection.4.1.4}{\376\377\000O\000t\000h\000e\000r\000\040\000i\000n\000t\000e\000g\000r\000a\000l\000s\000\040\000\050\000u\000n\000c\000o\000n\000d\000i\000t\000i\000o\000n\000a\000l\000/\000c\000o\000n\000d\000i\000t\000i\000o\000n\000a\000l\000\040\000r\000a\000w\000/\000c\000e\000n\000t\000r\000a\000l\000\040\000m\000o\000m\000e\000n\000t\000s\000,\000\040\000M\000G\000F\000,\000\040\000e\000t\000c\000\051}{subsection.4.1}% 16
\BOOKMARK [3][-]{subsubsection.4.1.5}{\376\377\000G\000o\000o\000d\000n\000e\000s\000s\000-\000o\000f\000-\000f\000i\000t\000\040\000m\000e\000a\000s\000u\000r\000e\000s\000\040\000\050\0002\000\040\000a\000n\000d\000\040\000l\000o\000g\000\040\000l\000i\000k\000e\000l\000i\000h\000o\000o\000d\000\051}{subsection.4.1}% 17
\BOOKMARK [3][-]{subsubsection.4.1.6}{\376\377\000U\000n\000i\000v\000a\000r\000i\000a\000t\000e\000\040\000r\000a\000n\000d\000o\000m\000\040\000n\000u\000m\000b\000e\000r\000s}{subsection.4.1}% 18
\BOOKMARK [3][-]{subsubsection.4.1.7}{\376\377\000M\000u\000l\000t\000i\000v\000a\000r\000i\000a\000t\000e\000\040\000r\000a\000n\000d\000o\000m\000\040\000n\000u\000m\000b\000e\000r\000s}{subsection.4.1}% 19
\BOOKMARK [2][-]{subsection.4.2}{\376\377\000F\000u\000n\000c\000t\000i\000o\000n\000s\000\040\000o\000f\000\040\000T\000w\000o\000\040\000D\000i\000s\000t\000r\000i\000b\000u\000t\000i\000o\000n\000s}{section.4}% 20
\BOOKMARK [3][-]{subsubsection.4.2.1}{\376\377\000D\000e\000l\000t\000a}{subsection.4.2}% 21
\BOOKMARK [3][-]{subsubsection.4.2.2}{\376\377\000P\000r\000X\000G\000T\000Y}{subsection.4.2}% 22
\BOOKMARK [3][-]{subsubsection.4.2.3}{\376\377\000B\000h\000a\000t\000t\000D\000i\000s\000t}{subsection.4.2}% 23
\BOOKMARK [3][-]{subsubsection.4.2.4}{\376\377\000G\000i\000n\000i}{subsection.4.2}% 24
\BOOKMARK [3][-]{subsubsection.4.2.5}{\376\377\000H\000e\000l\000l\000i\000n\000g\000D\000i\000s\000t}{subsection.4.2}% 25
\BOOKMARK [3][-]{subsubsection.4.2.6}{\376\377\000L\000o\000r\000e\000n\000z}{subsection.4.2}% 26
\BOOKMARK [2][-]{subsection.4.3}{\376\377\000O\000t\000h\000e\000r\000\040\000F\000u\000n\000c\000t\000i\000o\000n\000a\000l\000i\000t\000y}{section.4}% 27
\BOOKMARK [3][-]{subsubsection.4.3.1}{\376\377\000A\000\040\000S\000h\000o\000r\000t\000c\000u\000t\000\040\000f\000o\000r\000\040\000C\000h\000a\000n\000g\000i\000n\000g\000\040\000P\000a\000r\000a\000m\000e\000t\000e\000r\000\040\000V\000a\000l\000u\000e\000s}{subsection.4.3}% 28
\BOOKMARK [3][-]{subsubsection.4.3.2}{\376\377\000M\000a\000k\000e\000B\000i\000n\000S\000e\000t\000\050\000M\000i\000n\000P\000r\000\051}{subsection.4.3}% 29
\BOOKMARK [3][-]{subsubsection.4.3.3}{\376\377\000F\000n\000A\000f\000t\000e\000r\000R\000e\000s\000e\000t}{subsection.4.3}% 30
\BOOKMARK [1][-]{section.5}{\376\377\000P\000l\000o\000t\000t\000i\000n\000g}{}% 31
\BOOKMARK [2][-]{subsection.5.1}{\376\377\000m\000y\000d\000i\000s\000t\000.\000P\000l\000o\000t\000D\000e\000n\000s}{section.5}% 32
\BOOKMARK [2][-]{subsection.5.2}{\376\377\000m\000y\000d\000i\000s\000t\000.\000P\000l\000o\000t\000H\000a\000z}{section.5}% 33
\BOOKMARK [2][-]{subsection.5.3}{\376\377\000p\000l\000o\000t\000O\000b\000s\000P\000r\000e\000d\000\050\000X\000,\000m\000y\000d\000i\000s\000t\000,\000v\000a\000r\000a\000r\000g\000i\000n\000\051}{section.5}% 34
\BOOKMARK [2][-]{subsection.5.4}{\376\377\000p\000l\000o\000t\000D\000i\000s\000t\000s\000\050\000D\000i\000s\000t\000s\000,\000P\000d\000f\000C\000d\000f\000\051}{section.5}% 35
\BOOKMARK [2][-]{subsection.5.5}{\376\377\000m\000y\000D\000i\000s\000t\000.\000S\000c\000o\000r\000e\000s\000F\000o\000r\000H\000i\000s\000t\000\050\000B\000i\000n\000E\000d\000g\000e\000s\000,\000T\000o\000t\000a\000l\000N\000\051\000]}{section.5}% 36
\BOOKMARK [1][-]{section.6}{\376\377\000P\000a\000r\000a\000m\000e\000t\000e\000r\000\040\000E\000s\000t\000i\000m\000a\000t\000i\000o\000n}{}% 37
\BOOKMARK [2][-]{subsection.6.1}{\376\377\000G\000e\000n\000e\000r\000a\000l\000\040\000p\000o\000i\000n\000t\000s\000\040\000a\000b\000o\000u\000t\000\040\000p\000a\000r\000a\000m\000e\000t\000e\000r\000\040\000e\000s\000t\000i\000m\000a\000t\000i\000o\000n\000\040\000p\000r\000o\000c\000e\000d\000u\000r\000e\000s}{section.6}% 38
\BOOKMARK [2][-]{subsection.6.2}{\376\377\000E\000s\000t\000i\000m\000a\000t\000e\000\040\000f\000r\000o\000m\000\040\000m\000o\000m\000e\000n\000t\000s}{section.6}% 39
\BOOKMARK [2][-]{subsection.6.3}{\376\377\000E\000s\000t\000i\000m\000a\000t\000e\000\040\000f\000r\000o\000m\000\040\000C\000h\000i\000S\000q\000u\000a\000r\000e}{section.6}% 40
\BOOKMARK [2][-]{subsection.6.4}{\376\377\000E\000s\000t\000i\000m\000a\000t\000e\000\040\000f\000r\000o\000m\000\040\000p\000e\000r\000c\000e\000n\000t\000i\000l\000e\000s}{section.6}% 41
\BOOKMARK [2][-]{subsection.6.5}{\376\377\000M\000a\000x\000i\000m\000u\000m\000\040\000l\000i\000k\000e\000l\000i\000h\000o\000o\000d\000\040\000e\000s\000t\000i\000m\000a\000t\000i\000o\000n}{section.6}% 42
\BOOKMARK [2][-]{subsection.6.6}{\376\377\000M\000a\000x\000i\000m\000u\000m\000\040\000l\000i\000k\000e\000l\000i\000h\000o\000o\000d\000\040\000e\000s\000t\000i\000m\000a\000t\000i\000o\000n\000\040\000w\000i\000t\000h\000\040\000c\000e\000n\000s\000o\000r\000e\000d\000\040\000d\000a\000t\000a}{section.6}% 43
\BOOKMARK [2][-]{subsection.6.7}{\376\377\000I\000n\000t\000e\000r\000v\000a\000l\000\040\000p\000r\000o\000b\000a\000b\000i\000l\000i\000t\000y\000\040\000e\000s\000t\000i\000m\000a\000t\000i\000o\000n}{section.6}% 44
\BOOKMARK [2][-]{subsection.6.8}{\376\377\000P\000a\000r\000m\000C\000o\000d\000e\000s}{section.6}% 45
\BOOKMARK [2][-]{subsection.6.9}{\376\377\000E\000s\000t\000M\000a\000n\000y\000S\000t\000a\000r\000t\000s}{section.6}% 46
\BOOKMARK [1][-]{section.7}{\376\377\000P\000a\000r\000a\000m\000e\000t\000e\000r\000\040\000E\000s\000t\000i\000m\000a\000t\000i\000o\000n\000\040\000W\000i\000t\000h\000\040\000C\000o\000n\000s\000t\000r\000a\000i\000n\000t\000s}{}% 47
\BOOKMARK [2][-]{subsection.7.1}{\376\377\000f\000u\000n\000c\000t\000i\000o\000n\000\040\000F\000i\000t\000C\000o\000n\000s\000t\000r\000a\000i\000n\000e\000d}{section.7}% 48
\BOOKMARK [2][-]{subsection.7.2}{\376\377\000D\000a\000t\000a\000s\000e\000t\000s}{section.7}% 49
\BOOKMARK [2][-]{subsection.7.3}{\376\377\000C\000o\000n\000s\000t\000r\000a\000i\000n\000t\000\040\000f\000u\000n\000c\000t\000i\000o\000n\000s}{section.7}% 50
\BOOKMARK [1][-]{section.8}{\376\377\000D\000i\000s\000t\000r\000i\000b\000u\000t\000i\000o\000n\000\040\000i\000d\000e\000n\000t\000i\000f\000i\000a\000b\000i\000l\000i\000t\000y\000\040\000a\000n\000a\000l\000y\000s\000i\000s\000\040\000\050\000D\000i\000s\000t\000I\000D\000\051}{}% 51
\BOOKMARK [1][-]{section.9}{\376\377\000O\000u\000t\000l\000i\000e\000r\000\040\000a\000n\000a\000l\000y\000s\000i\000s}{}% 52
\BOOKMARK [1][-]{section.10}{\376\377\000P\000r\000o\000b\000i\000t\000\040\000A\000n\000a\000l\000y\000s\000i\000s}{}% 53
\BOOKMARK [2][-]{subsection.10.1}{\376\377\000Y\000e\000s\000/\000n\000o\000\040\000p\000a\000r\000a\000d\000i\000g\000m\000s}{section.10}% 54
\BOOKMARK [2][-]{subsection.10.2}{\376\377\000m\000A\000F\000C\000\040\000p\000a\000r\000a\000d\000i\000g\000m\000s}{section.10}% 55
\BOOKMARK [2][-]{subsection.10.3}{\376\377\000P\000a\000r\000a\000m\000e\000t\000r\000i\000c\000\040\000D\000i\000s\000t\000r\000i\000b\000u\000t\000i\000o\000n\000s\000:\000\040\000F\000u\000n\000c\000t\000i\000o\000n\000s\000\040\000a\000n\000d\000\040\000E\000s\000t\000i\000m\000a\000t\000i\000o\000n}{section.10}% 56
\BOOKMARK [2][-]{subsection.10.4}{\376\377\000N\000o\000n\000p\000a\000r\000a\000m\000e\000t\000r\000i\000c\000\040\000E\000s\000t\000i\000m\000a\000t\000e\000s\000\040\000w\000i\000t\000h\000\040\000t\000h\000e\000\040\000S\000p\000e\000a\000r\000m\000a\000n\000-\000K\000\344\000r\000b\000e\000r\000\040\000M\000e\000t\000h\000o\000d}{section.10}% 57
\BOOKMARK [1][-]{section.11}{\376\377\000M\000i\000s\000c\000e\000l\000l\000a\000n\000e\000o\000u\000s}{}% 58
\BOOKMARK [2][-]{subsection.11.1}{\376\377\000f\000u\000n\000c\000t\000i\000o\000n\000\040\000D\000i\000s\000t\000R\000e\000n\000a\000m\000e}{section.11}% 59
\BOOKMARK [1][-]{section.12}{\376\377\000S\000p\000l\000i\000n\000e\000\040\000A\000p\000p\000r\000o\000x\000i\000m\000a\000t\000i\000o\000n\000s}{}% 60
\BOOKMARK [1][-]{section.13}{\376\377\000P\000r\000o\000g\000r\000a\000m\000m\000i\000n\000g\000\040\000w\000i\000t\000h\000\040\000C\000U\000P\000I\000D\000\040\000H\000a\000n\000d\000l\000e\000\040\000O\000b\000j\000e\000c\000t\000s}{}% 61
\BOOKMARK [1][-]{section.14}{\376\377\000D\000i\000s\000c\000l\000a\000i\000m\000e\000r\000\040\000a\000n\000d\000\040\000W\000a\000r\000n\000i\000n\000g\000s}{}% 62
\BOOKMARK [1][-]{section.15}{\376\377\000A\000l\000g\000o\000r\000i\000t\000h\000m\000s}{}% 63
\BOOKMARK [2][-]{subsection.15.1}{\376\377\000N\000u\000m\000e\000r\000i\000c\000a\000l\000\040\000I\000n\000t\000e\000g\000r\000a\000t\000i\000o\000n}{section.15}% 64
\BOOKMARK [2][-]{subsection.15.2}{\376\377\000P\000a\000r\000a\000m\000e\000t\000e\000r\000\040\000s\000e\000a\000r\000c\000h\000i\000n\000g}{section.15}% 65
\BOOKMARK [2][-]{subsection.15.3}{\376\377\000R\000a\000n\000d\000o\000m\000\040\000N\000u\000m\000b\000e\000r\000\040\000G\000e\000n\000e\000r\000a\000t\000i\000o\000n}{section.15}% 66
\BOOKMARK [1][-]{section.16}{\376\377\000T\000e\000s\000t\000i\000n\000g}{}% 67
\BOOKMARK [1][-]{section.17}{\376\377\000C\000o\000n\000t\000r\000i\000b\000u\000t\000i\000n\000g\000\040\000t\000o\000\040\000C\000U\000P\000I\000D}{}% 68
\BOOKMARK [1][-]{section.18}{\376\377\000R\000e\000l\000e\000a\000s\000e\000\040\000H\000i\000s\000t\000o\000r\000y}{}% 69
\BOOKMARK [1][-]{section.19}{\376\377\000A\000c\000k\000n\000o\000w\000l\000e\000d\000g\000e\000m\000e\000n\000t\000s}{}% 70
